[0.007s] Invoking command in '/home/phd/dev/ros2_ws/autonomousCar/alfred_sim/build/alfred_sim': CMAKE_PREFIX_PATH=${CMAKE_PREFIX_PATH}:/opt/ros/jazzy DEBUGINFOD_URLS=https://debuginfod.ubuntu.com /usr/bin/cmake /home/phd/dev/ros2_ws/autonomousCar/alfred_sim -DCMAKE_INSTALL_PREFIX=/home/phd/dev/ros2_ws/autonomousCar/alfred_sim/install/alfred_sim
[0.111s] -- The C compiler identification is GNU 13.3.0
[0.200s] -- The CXX compiler identification is GNU 13.3.0
[0.234s] -- Detecting C compiler ABI info
[0.390s] -- Detecting C compiler ABI info - done
[0.405s] -- Check for working C compiler: /usr/bin/cc - skipped
[0.406s] -- Detecting C compile features
[0.407s] -- Detecting C compile features - done
[0.427s] -- Detecting CXX compiler ABI info
[0.548s] -- Detecting CXX compiler ABI info - done
[0.557s] -- Check for working CXX compiler: /usr/bin/c++ - skipped
[0.557s] -- Detecting CXX compile features
[0.558s] -- Detecting CXX compile features - done
[0.565s] -- Found ament_cmake: 2.5.2 (/opt/ros/jazzy/share/ament_cmake/cmake)
[0.680s] -- Found Python3: /usr/bin/python3 (found version "3.12.3") found components: Interpreter 
[0.765s] -- Found ament_lint_auto: 0.17.1 (/opt/ros/jazzy/share/ament_lint_auto/cmake)
[0.851s] -- Added test 'cppcheck' to perform static code analysis on C / C++ code
[0.851s] -- Configured cppcheck include dirs: 
[0.851s] -- Configured cppcheck exclude dirs and/or files: 
[0.853s] -- Added test 'lint_cmake' to check CMake code style
[0.858s] -- Added test 'uncrustify' to check C / C++ code style
[0.858s] -- Configured uncrustify additional arguments: 
[0.859s] -- Added test 'xmllint' to check XML markup files
[0.860s] -- Configuring done (0.8s)
[0.862s] -- Generating done (0.0s)
[0.863s] -- Build files have been written to: /home/phd/dev/ros2_ws/autonomousCar/alfred_sim/build/alfred_sim
[0.866s] Invoked command in '/home/phd/dev/ros2_ws/autonomousCar/alfred_sim/build/alfred_sim' returned '0': CMAKE_PREFIX_PATH=${CMAKE_PREFIX_PATH}:/opt/ros/jazzy DEBUGINFOD_URLS=https://debuginfod.ubuntu.com /usr/bin/cmake /home/phd/dev/ros2_ws/autonomousCar/alfred_sim -DCMAKE_INSTALL_PREFIX=/home/phd/dev/ros2_ws/autonomousCar/alfred_sim/install/alfred_sim
[0.867s] Invoking command in '/home/phd/dev/ros2_ws/autonomousCar/alfred_sim/build/alfred_sim': CMAKE_PREFIX_PATH=${CMAKE_PREFIX_PATH}:/opt/ros/jazzy DEBUGINFOD_URLS=https://debuginfod.ubuntu.com /usr/bin/cmake --build /home/phd/dev/ros2_ws/autonomousCar/alfred_sim/build/alfred_sim -- -j16 -l16
[0.920s] Invoked command in '/home/phd/dev/ros2_ws/autonomousCar/alfred_sim/build/alfred_sim' returned '0': CMAKE_PREFIX_PATH=${CMAKE_PREFIX_PATH}:/opt/ros/jazzy DEBUGINFOD_URLS=https://debuginfod.ubuntu.com /usr/bin/cmake --build /home/phd/dev/ros2_ws/autonomousCar/alfred_sim/build/alfred_sim -- -j16 -l16
[0.936s] Invoking command in '/home/phd/dev/ros2_ws/autonomousCar/alfred_sim/build/alfred_sim': CMAKE_PREFIX_PATH=${CMAKE_PREFIX_PATH}:/opt/ros/jazzy DEBUGINFOD_URLS=https://debuginfod.ubuntu.com /usr/bin/cmake --install /home/phd/dev/ros2_ws/autonomousCar/alfred_sim/build/alfred_sim
[0.947s] -- Install configuration: ""
[0.947s] -- Installing: /home/phd/dev/ros2_ws/autonomousCar/alfred_sim/install/alfred_sim/share/ament_index/resource_index/package_run_dependencies/alfred_sim
[0.947s] -- Installing: /home/phd/dev/ros2_ws/autonomousCar/alfred_sim/install/alfred_sim/share/ament_index/resource_index/parent_prefix_path/alfred_sim
[0.947s] -- Installing: /home/phd/dev/ros2_ws/autonomousCar/alfred_sim/install/alfred_sim/share/alfred_sim/environment/ament_prefix_path.sh
[0.947s] -- Installing: /home/phd/dev/ros2_ws/autonomousCar/alfred_sim/install/alfred_sim/share/alfred_sim/environment/ament_prefix_path.dsv
[0.947s] -- Installing: /home/phd/dev/ros2_ws/autonomousCar/alfred_sim/install/alfred_sim/share/alfred_sim/environment/path.sh
[0.947s] -- Installing: /home/phd/dev/ros2_ws/autonomousCar/alfred_sim/install/alfred_sim/share/alfred_sim/environment/path.dsv
[0.947s] -- Installing: /home/phd/dev/ros2_ws/autonomousCar/alfred_sim/install/alfred_sim/share/alfred_sim/local_setup.bash
[0.947s] -- Installing: /home/phd/dev/ros2_ws/autonomousCar/alfred_sim/install/alfred_sim/share/alfred_sim/local_setup.sh
[0.947s] -- Installing: /home/phd/dev/ros2_ws/autonomousCar/alfred_sim/install/alfred_sim/share/alfred_sim/local_setup.zsh
[0.947s] -- Installing: /home/phd/dev/ros2_ws/autonomousCar/alfred_sim/install/alfred_sim/share/alfred_sim/local_setup.dsv
[0.947s] -- Installing: /home/phd/dev/ros2_ws/autonomousCar/alfred_sim/install/alfred_sim/share/alfred_sim/package.dsv
[0.948s] -- Installing: /home/phd/dev/ros2_ws/autonomousCar/alfred_sim/install/alfred_sim/share/ament_index/resource_index/packages/alfred_sim
[0.948s] -- Installing: /home/phd/dev/ros2_ws/autonomousCar/alfred_sim/install/alfred_sim/share/alfred_sim/cmake/alfred_simConfig.cmake
[0.948s] -- Installing: /home/phd/dev/ros2_ws/autonomousCar/alfred_sim/install/alfred_sim/share/alfred_sim/cmake/alfred_simConfig-version.cmake
[0.948s] -- Installing: /home/phd/dev/ros2_ws/autonomousCar/alfred_sim/install/alfred_sim/share/alfred_sim/package.xml
[0.949s] Invoked command in '/home/phd/dev/ros2_ws/autonomousCar/alfred_sim/build/alfred_sim' returned '0': CMAKE_PREFIX_PATH=${CMAKE_PREFIX_PATH}:/opt/ros/jazzy DEBUGINFOD_URLS=https://debuginfod.ubuntu.com /usr/bin/cmake --install /home/phd/dev/ros2_ws/autonomousCar/alfred_sim/build/alfred_sim
